EDA Netlist Writer report for project
Mon Nov 29 16:31:27 2021
Quartus Prime Version 19.1.0 Build 670 09/22/2019 SJ Lite Edition


---------------------
; Table of Contents ;
---------------------
  1. Legal Notice
  2. EDA Netlist Writer Summary
  3. Simulation Settings
  4. Simulation Generated Files
  5. EDA Netlist Writer Messages



----------------
; Legal Notice ;
----------------
Copyright (C) 2019  Intel Corporation. All rights reserved.
Your use of Intel Corporation's design tools, logic functions 
and other software and tools, and any partner logic 
functions, and any output files from any of the foregoing 
(including device programming or simulation files), and any 
associated documentation or information are expressly subject 
to the terms and conditions of the Intel Program License 
Subscription Agreement, the Intel Quartus Prime License Agreement,
the Intel FPGA IP License Agreement, or other applicable license
agreement, including, without limitation, that your use is for
the sole purpose of programming logic devices manufactured by
Intel and sold by Intel or its authorized distributors.  Please
refer to the applicable agreement for further details, at
https://fpgasoftware.intel.com/eula.



+-------------------------------------------------------------------+
; EDA Netlist Writer Summary                                        ;
+---------------------------+---------------------------------------+
; EDA Netlist Writer Status ; Successful - Mon Nov 29 16:31:27 2021 ;
; Revision Name             ; project                               ;
; Top-level Entity Name     ; project                               ;
; Family                    ; Cyclone IV E                          ;
; Simulation Files Creation ; Successful                            ;
+---------------------------+---------------------------------------+


+-------------------------------------------------------------------------------------------------------------------------------+
; Simulation Settings                                                                                                           ;
+---------------------------------------------------------------------------------------------------+---------------------------+
; Option                                                                                            ; Setting                   ;
+---------------------------------------------------------------------------------------------------+---------------------------+
; Tool Name                                                                                         ; ModelSim-Altera (Verilog) ;
; Generate functional simulation netlist                                                            ; Off                       ;
; Time scale                                                                                        ; 1 ps                      ;
; Truncate long hierarchy paths                                                                     ; Off                       ;
; Map illegal HDL characters                                                                        ; Off                       ;
; Flatten buses into individual nodes                                                               ; Off                       ;
; Maintain hierarchy                                                                                ; Off                       ;
; Bring out device-wide set/reset signals as ports                                                  ; Off                       ;
; Enable glitch filtering                                                                           ; Off                       ;
; Do not write top level VHDL entity                                                                ; Off                       ;
; Disable detection of setup and hold time violations in the input registers of bi-directional pins ; Off                       ;
; Architecture name in VHDL output netlist                                                          ; structure                 ;
; Generate third-party EDA tool command script for RTL functional simulation                        ; Off                       ;
; Generate third-party EDA tool command script for gate-level simulation                            ; Off                       ;
+---------------------------------------------------------------------------------------------------+---------------------------+


+---------------------------------------------------------------------------------------------------------+
; Simulation Generated Files                                                                              ;
+---------------------------------------------------------------------------------------------------------+
; Generated Files                                                                                         ;
+---------------------------------------------------------------------------------------------------------+
; D:/Chrome/3DQ5/project/project-group15-tuesday/syn/simulation/modelsim/project_7_1200mv_85c_slow.vo     ;
; D:/Chrome/3DQ5/project/project-group15-tuesday/syn/simulation/modelsim/project_7_1200mv_0c_slow.vo      ;
; D:/Chrome/3DQ5/project/project-group15-tuesday/syn/simulation/modelsim/project_min_1200mv_0c_fast.vo    ;
; D:/Chrome/3DQ5/project/project-group15-tuesday/syn/simulation/modelsim/project.vo                       ;
; D:/Chrome/3DQ5/project/project-group15-tuesday/syn/simulation/modelsim/project_7_1200mv_85c_v_slow.sdo  ;
; D:/Chrome/3DQ5/project/project-group15-tuesday/syn/simulation/modelsim/project_7_1200mv_0c_v_slow.sdo   ;
; D:/Chrome/3DQ5/project/project-group15-tuesday/syn/simulation/modelsim/project_min_1200mv_0c_v_fast.sdo ;
; D:/Chrome/3DQ5/project/project-group15-tuesday/syn/simulation/modelsim/project_v.sdo                    ;
+---------------------------------------------------------------------------------------------------------+


+-----------------------------+
; EDA Netlist Writer Messages ;
+-----------------------------+
Info: *******************************************************************
Info: Running Quartus Prime EDA Netlist Writer
    Info: Version 19.1.0 Build 670 09/22/2019 SJ Lite Edition
    Info: Processing started: Mon Nov 29 16:31:23 2021
Info: Command: quartus_eda --read_settings_files=off --write_settings_files=off project -c project
Info (204001): Port "SEVEN_SEGMENT_N_O[0][0]" is changed into "SEVEN_SEGMENT_N_O_0_0" because it's a member of 2-D array port "SEVEN_SEGMENT_N_O" File: D:/Chrome/3DQ5/project/project-group15-tuesday/rtl/project.sv Line: 27
Info (204001): Port "SEVEN_SEGMENT_N_O[0][1]" is changed into "SEVEN_SEGMENT_N_O_0_1" because it's a member of 2-D array port "SEVEN_SEGMENT_N_O" File: D:/Chrome/3DQ5/project/project-group15-tuesday/rtl/project.sv Line: 27
Info (204001): Port "SEVEN_SEGMENT_N_O[0][2]" is changed into "SEVEN_SEGMENT_N_O_0_2" because it's a member of 2-D array port "SEVEN_SEGMENT_N_O" File: D:/Chrome/3DQ5/project/project-group15-tuesday/rtl/project.sv Line: 27
Info (204001): Port "SEVEN_SEGMENT_N_O[0][3]" is changed into "SEVEN_SEGMENT_N_O_0_3" because it's a member of 2-D array port "SEVEN_SEGMENT_N_O" File: D:/Chrome/3DQ5/project/project-group15-tuesday/rtl/project.sv Line: 27
Info (204001): Port "SEVEN_SEGMENT_N_O[0][4]" is changed into "SEVEN_SEGMENT_N_O_0_4" because it's a member of 2-D array port "SEVEN_SEGMENT_N_O" File: D:/Chrome/3DQ5/project/project-group15-tuesday/rtl/project.sv Line: 27
Info (204001): Port "SEVEN_SEGMENT_N_O[0][5]" is changed into "SEVEN_SEGMENT_N_O_0_5" because it's a member of 2-D array port "SEVEN_SEGMENT_N_O" File: D:/Chrome/3DQ5/project/project-group15-tuesday/rtl/project.sv Line: 27
Info (204001): Port "SEVEN_SEGMENT_N_O[0][6]" is changed into "SEVEN_SEGMENT_N_O_0_6" because it's a member of 2-D array port "SEVEN_SEGMENT_N_O" File: D:/Chrome/3DQ5/project/project-group15-tuesday/rtl/project.sv Line: 27
Info (204001): Port "SEVEN_SEGMENT_N_O[1][0]" is changed into "SEVEN_SEGMENT_N_O_1_0" because it's a member of 2-D array port "SEVEN_SEGMENT_N_O" File: D:/Chrome/3DQ5/project/project-group15-tuesday/rtl/project.sv Line: 27
Info (204001): Port "SEVEN_SEGMENT_N_O[1][1]" is changed into "SEVEN_SEGMENT_N_O_1_1" because it's a member of 2-D array port "SEVEN_SEGMENT_N_O" File: D:/Chrome/3DQ5/project/project-group15-tuesday/rtl/project.sv Line: 27
Info (204001): Port "SEVEN_SEGMENT_N_O[1][2]" is changed into "SEVEN_SEGMENT_N_O_1_2" because it's a member of 2-D array port "SEVEN_SEGMENT_N_O" File: D:/Chrome/3DQ5/project/project-group15-tuesday/rtl/project.sv Line: 27
Info (204001): Port "SEVEN_SEGMENT_N_O[1][3]" is changed into "SEVEN_SEGMENT_N_O_1_3" because it's a member of 2-D array port "SEVEN_SEGMENT_N_O" File: D:/Chrome/3DQ5/project/project-group15-tuesday/rtl/project.sv Line: 27
Info (204001): Port "SEVEN_SEGMENT_N_O[1][4]" is changed into "SEVEN_SEGMENT_N_O_1_4" because it's a member of 2-D array port "SEVEN_SEGMENT_N_O" File: D:/Chrome/3DQ5/project/project-group15-tuesday/rtl/project.sv Line: 27
Info (204001): Port "SEVEN_SEGMENT_N_O[1][5]" is changed into "SEVEN_SEGMENT_N_O_1_5" because it's a member of 2-D array port "SEVEN_SEGMENT_N_O" File: D:/Chrome/3DQ5/project/project-group15-tuesday/rtl/project.sv Line: 27
Info (204001): Port "SEVEN_SEGMENT_N_O[1][6]" is changed into "SEVEN_SEGMENT_N_O_1_6" because it's a member of 2-D array port "SEVEN_SEGMENT_N_O" File: D:/Chrome/3DQ5/project/project-group15-tuesday/rtl/project.sv Line: 27
Info (204001): Port "SEVEN_SEGMENT_N_O[2][0]" is changed into "SEVEN_SEGMENT_N_O_2_0" because it's a member of 2-D array port "SEVEN_SEGMENT_N_O" File: D:/Chrome/3DQ5/project/project-group15-tuesday/rtl/project.sv Line: 27
Info (204001): Port "SEVEN_SEGMENT_N_O[2][1]" is changed into "SEVEN_SEGMENT_N_O_2_1" because it's a member of 2-D array port "SEVEN_SEGMENT_N_O" File: D:/Chrome/3DQ5/project/project-group15-tuesday/rtl/project.sv Line: 27
Info (204001): Port "SEVEN_SEGMENT_N_O[2][2]" is changed into "SEVEN_SEGMENT_N_O_2_2" because it's a member of 2-D array port "SEVEN_SEGMENT_N_O" File: D:/Chrome/3DQ5/project/project-group15-tuesday/rtl/project.sv Line: 27
Info (204001): Port "SEVEN_SEGMENT_N_O[2][3]" is changed into "SEVEN_SEGMENT_N_O_2_3" because it's a member of 2-D array port "SEVEN_SEGMENT_N_O" File: D:/Chrome/3DQ5/project/project-group15-tuesday/rtl/project.sv Line: 27
Info (204001): Port "SEVEN_SEGMENT_N_O[2][4]" is changed into "SEVEN_SEGMENT_N_O_2_4" because it's a member of 2-D array port "SEVEN_SEGMENT_N_O" File: D:/Chrome/3DQ5/project/project-group15-tuesday/rtl/project.sv Line: 27
Info (204001): Port "SEVEN_SEGMENT_N_O[2][5]" is changed into "SEVEN_SEGMENT_N_O_2_5" because it's a member of 2-D array port "SEVEN_SEGMENT_N_O" File: D:/Chrome/3DQ5/project/project-group15-tuesday/rtl/project.sv Line: 27
Info (204001): Port "SEVEN_SEGMENT_N_O[2][6]" is changed into "SEVEN_SEGMENT_N_O_2_6" because it's a member of 2-D array port "SEVEN_SEGMENT_N_O" File: D:/Chrome/3DQ5/project/project-group15-tuesday/rtl/project.sv Line: 27
Info (204001): Port "SEVEN_SEGMENT_N_O[3][0]" is changed into "SEVEN_SEGMENT_N_O_3_0" because it's a member of 2-D array port "SEVEN_SEGMENT_N_O" File: D:/Chrome/3DQ5/project/project-group15-tuesday/rtl/project.sv Line: 27
Info (204001): Port "SEVEN_SEGMENT_N_O[3][1]" is changed into "SEVEN_SEGMENT_N_O_3_1" because it's a member of 2-D array port "SEVEN_SEGMENT_N_O" File: D:/Chrome/3DQ5/project/project-group15-tuesday/rtl/project.sv Line: 27
Info (204001): Port "SEVEN_SEGMENT_N_O[3][2]" is changed into "SEVEN_SEGMENT_N_O_3_2" because it's a member of 2-D array port "SEVEN_SEGMENT_N_O" File: D:/Chrome/3DQ5/project/project-group15-tuesday/rtl/project.sv Line: 27
Info (204001): Port "SEVEN_SEGMENT_N_O[3][3]" is changed into "SEVEN_SEGMENT_N_O_3_3" because it's a member of 2-D array port "SEVEN_SEGMENT_N_O" File: D:/Chrome/3DQ5/project/project-group15-tuesday/rtl/project.sv Line: 27
Info (204001): Port "SEVEN_SEGMENT_N_O[3][4]" is changed into "SEVEN_SEGMENT_N_O_3_4" because it's a member of 2-D array port "SEVEN_SEGMENT_N_O" File: D:/Chrome/3DQ5/project/project-group15-tuesday/rtl/project.sv Line: 27
Info (204001): Port "SEVEN_SEGMENT_N_O[3][5]" is changed into "SEVEN_SEGMENT_N_O_3_5" because it's a member of 2-D array port "SEVEN_SEGMENT_N_O" File: D:/Chrome/3DQ5/project/project-group15-tuesday/rtl/project.sv Line: 27
Info (204001): Port "SEVEN_SEGMENT_N_O[3][6]" is changed into "SEVEN_SEGMENT_N_O_3_6" because it's a member of 2-D array port "SEVEN_SEGMENT_N_O" File: D:/Chrome/3DQ5/project/project-group15-tuesday/rtl/project.sv Line: 27
Info (204001): Port "SEVEN_SEGMENT_N_O[4][0]" is changed into "SEVEN_SEGMENT_N_O_4_0" because it's a member of 2-D array port "SEVEN_SEGMENT_N_O" File: D:/Chrome/3DQ5/project/project-group15-tuesday/rtl/project.sv Line: 27
Info (204001): Port "SEVEN_SEGMENT_N_O[4][1]" is changed into "SEVEN_SEGMENT_N_O_4_1" because it's a member of 2-D array port "SEVEN_SEGMENT_N_O" File: D:/Chrome/3DQ5/project/project-group15-tuesday/rtl/project.sv Line: 27
Info (204001): Port "SEVEN_SEGMENT_N_O[4][2]" is changed into "SEVEN_SEGMENT_N_O_4_2" because it's a member of 2-D array port "SEVEN_SEGMENT_N_O" File: D:/Chrome/3DQ5/project/project-group15-tuesday/rtl/project.sv Line: 27
Info (204001): Port "SEVEN_SEGMENT_N_O[4][3]" is changed into "SEVEN_SEGMENT_N_O_4_3" because it's a member of 2-D array port "SEVEN_SEGMENT_N_O" File: D:/Chrome/3DQ5/project/project-group15-tuesday/rtl/project.sv Line: 27
Info (204001): Port "SEVEN_SEGMENT_N_O[4][4]" is changed into "SEVEN_SEGMENT_N_O_4_4" because it's a member of 2-D array port "SEVEN_SEGMENT_N_O" File: D:/Chrome/3DQ5/project/project-group15-tuesday/rtl/project.sv Line: 27
Info (204001): Port "SEVEN_SEGMENT_N_O[4][5]" is changed into "SEVEN_SEGMENT_N_O_4_5" because it's a member of 2-D array port "SEVEN_SEGMENT_N_O" File: D:/Chrome/3DQ5/project/project-group15-tuesday/rtl/project.sv Line: 27
Info (204001): Port "SEVEN_SEGMENT_N_O[4][6]" is changed into "SEVEN_SEGMENT_N_O_4_6" because it's a member of 2-D array port "SEVEN_SEGMENT_N_O" File: D:/Chrome/3DQ5/project/project-group15-tuesday/rtl/project.sv Line: 27
Info (204001): Port "SEVEN_SEGMENT_N_O[5][0]" is changed into "SEVEN_SEGMENT_N_O_5_0" because it's a member of 2-D array port "SEVEN_SEGMENT_N_O" File: D:/Chrome/3DQ5/project/project-group15-tuesday/rtl/project.sv Line: 27
Info (204001): Port "SEVEN_SEGMENT_N_O[5][1]" is changed into "SEVEN_SEGMENT_N_O_5_1" because it's a member of 2-D array port "SEVEN_SEGMENT_N_O" File: D:/Chrome/3DQ5/project/project-group15-tuesday/rtl/project.sv Line: 27
Info (204001): Port "SEVEN_SEGMENT_N_O[5][2]" is changed into "SEVEN_SEGMENT_N_O_5_2" because it's a member of 2-D array port "SEVEN_SEGMENT_N_O" File: D:/Chrome/3DQ5/project/project-group15-tuesday/rtl/project.sv Line: 27
Info (204001): Port "SEVEN_SEGMENT_N_O[5][3]" is changed into "SEVEN_SEGMENT_N_O_5_3" because it's a member of 2-D array port "SEVEN_SEGMENT_N_O" File: D:/Chrome/3DQ5/project/project-group15-tuesday/rtl/project.sv Line: 27
Info (204001): Port "SEVEN_SEGMENT_N_O[5][4]" is changed into "SEVEN_SEGMENT_N_O_5_4" because it's a member of 2-D array port "SEVEN_SEGMENT_N_O" File: D:/Chrome/3DQ5/project/project-group15-tuesday/rtl/project.sv Line: 27
Info (204001): Port "SEVEN_SEGMENT_N_O[5][5]" is changed into "SEVEN_SEGMENT_N_O_5_5" because it's a member of 2-D array port "SEVEN_SEGMENT_N_O" File: D:/Chrome/3DQ5/project/project-group15-tuesday/rtl/project.sv Line: 27
Info (204001): Port "SEVEN_SEGMENT_N_O[5][6]" is changed into "SEVEN_SEGMENT_N_O_5_6" because it's a member of 2-D array port "SEVEN_SEGMENT_N_O" File: D:/Chrome/3DQ5/project/project-group15-tuesday/rtl/project.sv Line: 27
Info (204001): Port "SEVEN_SEGMENT_N_O[6][0]" is changed into "SEVEN_SEGMENT_N_O_6_0" because it's a member of 2-D array port "SEVEN_SEGMENT_N_O" File: D:/Chrome/3DQ5/project/project-group15-tuesday/rtl/project.sv Line: 27
Info (204001): Port "SEVEN_SEGMENT_N_O[6][1]" is changed into "SEVEN_SEGMENT_N_O_6_1" because it's a member of 2-D array port "SEVEN_SEGMENT_N_O" File: D:/Chrome/3DQ5/project/project-group15-tuesday/rtl/project.sv Line: 27
Info (204001): Port "SEVEN_SEGMENT_N_O[6][2]" is changed into "SEVEN_SEGMENT_N_O_6_2" because it's a member of 2-D array port "SEVEN_SEGMENT_N_O" File: D:/Chrome/3DQ5/project/project-group15-tuesday/rtl/project.sv Line: 27
Info (204001): Port "SEVEN_SEGMENT_N_O[6][3]" is changed into "SEVEN_SEGMENT_N_O_6_3" because it's a member of 2-D array port "SEVEN_SEGMENT_N_O" File: D:/Chrome/3DQ5/project/project-group15-tuesday/rtl/project.sv Line: 27
Info (204001): Port "SEVEN_SEGMENT_N_O[6][4]" is changed into "SEVEN_SEGMENT_N_O_6_4" because it's a member of 2-D array port "SEVEN_SEGMENT_N_O" File: D:/Chrome/3DQ5/project/project-group15-tuesday/rtl/project.sv Line: 27
Info (204001): Port "SEVEN_SEGMENT_N_O[6][5]" is changed into "SEVEN_SEGMENT_N_O_6_5" because it's a member of 2-D array port "SEVEN_SEGMENT_N_O" File: D:/Chrome/3DQ5/project/project-group15-tuesday/rtl/project.sv Line: 27
Info (204001): Port "SEVEN_SEGMENT_N_O[6][6]" is changed into "SEVEN_SEGMENT_N_O_6_6" because it's a member of 2-D array port "SEVEN_SEGMENT_N_O" File: D:/Chrome/3DQ5/project/project-group15-tuesday/rtl/project.sv Line: 27
Info (204001): Port "SEVEN_SEGMENT_N_O[7][0]" is changed into "SEVEN_SEGMENT_N_O_7_0" because it's a member of 2-D array port "SEVEN_SEGMENT_N_O" File: D:/Chrome/3DQ5/project/project-group15-tuesday/rtl/project.sv Line: 27
Info (204001): Port "SEVEN_SEGMENT_N_O[7][1]" is changed into "SEVEN_SEGMENT_N_O_7_1" because it's a member of 2-D array port "SEVEN_SEGMENT_N_O" File: D:/Chrome/3DQ5/project/project-group15-tuesday/rtl/project.sv Line: 27
Info (204001): Port "SEVEN_SEGMENT_N_O[7][2]" is changed into "SEVEN_SEGMENT_N_O_7_2" because it's a member of 2-D array port "SEVEN_SEGMENT_N_O" File: D:/Chrome/3DQ5/project/project-group15-tuesday/rtl/project.sv Line: 27
Info (204001): Port "SEVEN_SEGMENT_N_O[7][3]" is changed into "SEVEN_SEGMENT_N_O_7_3" because it's a member of 2-D array port "SEVEN_SEGMENT_N_O" File: D:/Chrome/3DQ5/project/project-group15-tuesday/rtl/project.sv Line: 27
Info (204001): Port "SEVEN_SEGMENT_N_O[7][4]" is changed into "SEVEN_SEGMENT_N_O_7_4" because it's a member of 2-D array port "SEVEN_SEGMENT_N_O" File: D:/Chrome/3DQ5/project/project-group15-tuesday/rtl/project.sv Line: 27
Info (204001): Port "SEVEN_SEGMENT_N_O[7][5]" is changed into "SEVEN_SEGMENT_N_O_7_5" because it's a member of 2-D array port "SEVEN_SEGMENT_N_O" File: D:/Chrome/3DQ5/project/project-group15-tuesday/rtl/project.sv Line: 27
Info (204001): Port "SEVEN_SEGMENT_N_O[7][6]" is changed into "SEVEN_SEGMENT_N_O_7_6" because it's a member of 2-D array port "SEVEN_SEGMENT_N_O" File: D:/Chrome/3DQ5/project/project-group15-tuesday/rtl/project.sv Line: 27
Info (204019): Generated file project_7_1200mv_85c_slow.vo in folder "D:/Chrome/3DQ5/project/project-group15-tuesday/syn/simulation/modelsim/" for EDA simulation tool
Info (204019): Generated file project_7_1200mv_0c_slow.vo in folder "D:/Chrome/3DQ5/project/project-group15-tuesday/syn/simulation/modelsim/" for EDA simulation tool
Info (204019): Generated file project_min_1200mv_0c_fast.vo in folder "D:/Chrome/3DQ5/project/project-group15-tuesday/syn/simulation/modelsim/" for EDA simulation tool
Info (204019): Generated file project.vo in folder "D:/Chrome/3DQ5/project/project-group15-tuesday/syn/simulation/modelsim/" for EDA simulation tool
Info (204019): Generated file project_7_1200mv_85c_v_slow.sdo in folder "D:/Chrome/3DQ5/project/project-group15-tuesday/syn/simulation/modelsim/" for EDA simulation tool
Info (204019): Generated file project_7_1200mv_0c_v_slow.sdo in folder "D:/Chrome/3DQ5/project/project-group15-tuesday/syn/simulation/modelsim/" for EDA simulation tool
Info (204019): Generated file project_min_1200mv_0c_v_fast.sdo in folder "D:/Chrome/3DQ5/project/project-group15-tuesday/syn/simulation/modelsim/" for EDA simulation tool
Info (204019): Generated file project_v.sdo in folder "D:/Chrome/3DQ5/project/project-group15-tuesday/syn/simulation/modelsim/" for EDA simulation tool
Info: Quartus Prime EDA Netlist Writer was successful. 0 errors, 0 warnings
    Info: Peak virtual memory: 4710 megabytes
    Info: Processing ended: Mon Nov 29 16:31:27 2021
    Info: Elapsed time: 00:00:04
    Info: Total CPU time (on all processors): 00:00:04


